23/04/2013 15:34:22 - New match 11348965 has started
23/04/2013 15:36:04 - Roman killed Nick using M16
23/04/2013 15:36:33 - <WORLD> killed Roman by DROWN
23/04/2013 15:38:34 - Pedro killed Fallen using AK47
23/04/2013 15:39:04 - Pedro killed Nick using M16
23/04/2013 15:39:33 - <WORLD> killed Roman by FALL
23/04/2013 15:40:04 - Fallen killed Pedro using AK47
23/04/2013 15:40:33 - <WORLD> killed Nick by DROWN
23/04/2013 15:41:04 - Fallen killed Nick using M16
23/04/2013 15:44:04 - Fallen killed Roman using M16
23/04/2013 15:46:04 - Pedro killed Fallen using AK47
23/04/2013 15:50:04 - Roman killed Pedro using M16
23/04/2013 15:51:33 - <WORLD> killed Nick by FALL
23/04/2013 15:54:33 - <WORLD> killed Pedro by DROWN
23/04/2013 15:58:04 - Fallen killed Pedro using AWP
23/04/2013 16:00:00 - Fallen killed Roman using AWP
23/04/2013 16:00:04 - Fallen killed Nick using AWP
23/04/2013 16:01:00 - Fallen killed Pedro using AWP
23/04/2013 16:02:42 - Fallen killed Nick using AWP
23/04/2013 15:54:33 - <WORLD> killed Fallen by FALL
23/04/2013 16:00:00 - Roman killed Nick using M16
23/04/2013 16:00:04 - Nick killed Pedro using AK47
23/04/2013 16:39:22 - Match 11348965 has ended
23/04/2013 16:40:22 - New match 11348966 has started
23/04/2013 16:41:04 - Roman killed Nick using M16
23/04/2013 16:42:33 - <WORLD> killed Roman by DROWN
23/04/2013 16:43:34 - Pedro killed Pedro using AK47
23/04/2013 16:44:04 - Pedro killed Nick using M16
23/04/2013 16:45:33 - <WORLD> killed Roman by FALL
23/04/2013 16:46:04 - Fallen killed Pedro using AK47
23/04/2013 16:47:33 - <WORLD> killed Nick by DROWN
23/04/2013 16:48:22 - Match 11348966 has ended